2022-03-28 15:48:40,396 INFO     

2022-03-28 15:48:40,397 INFO     ====== WebDriver manager ======
2022-03-28 15:48:40,931 INFO     Current google-chrome version is 99.0.4844
2022-03-28 15:48:40,931 INFO     Get LATEST chromedriver version for 99.0.4844 google-chrome
2022-03-28 15:48:41,068 INFO     Driver [C:\Users\sangs\.wdm\drivers\chromedriver\win32\99.0.4844.51\chromedriver.exe] found in cache
2022-03-28 15:48:43,617 INFO     2022-03-28 15:48:43.617024
2022-03-28 15:48:43,617 INFO     ------------------
2022-03-28 15:48:46,923 INFO     start sign
2022-03-28 15:48:48,960 INFO     click bounce
2022-03-28 15:48:50,012 INFO     input email
2022-03-28 15:48:52,099 INFO     input pwd
2022-03-28 15:48:53,163 INFO     click privacy
2022-03-28 15:48:55,293 INFO     commit
2022-03-28 15:48:57,703 INFO     Calgary:

2022-03-28 15:48:57,703 INFO     2023-02-16 	 business_day: True
2022-03-28 15:48:57,703 INFO     2023-07-31 	 business_day: True
2022-03-28 15:48:57,703 INFO     

2022-03-28 15:49:57,211 INFO     Halifax:

2022-03-28 15:49:57,211 INFO     2023-07-31 	 business_day: True
2022-03-28 15:49:57,211 INFO     

2022-03-28 15:50:54,561 INFO     Quebec City:

2022-03-28 15:50:54,561 INFO     2022-11-23 	 business_day: True
2022-03-28 15:50:54,561 INFO     2022-12-02 	 business_day: True
2022-03-28 15:50:54,561 INFO     2023-04-11 	 business_day: True
2022-03-28 15:50:54,561 INFO     2023-04-27 	 business_day: True
2022-03-28 15:50:54,562 INFO     2023-07-31 	 business_day: True
2022-03-28 15:50:54,562 INFO     

2022-03-28 15:51:35,057 INFO     Vancouver:

2022-03-28 15:51:35,057 INFO     2023-04-11 	 business_day: True
2022-03-28 15:51:35,057 INFO     2023-04-27 	 business_day: True
2022-03-28 15:51:35,057 INFO     2023-07-31 	 business_day: True
2022-03-28 15:51:35,057 INFO     

2022-03-28 15:52:18,072 INFO     2022-03-28 15:52:18.071995
2022-03-28 15:52:18,072 INFO     ------------------
2022-03-28 15:52:18,612 INFO     Calgary:

2022-03-28 15:52:18,612 INFO     2023-04-11 	 business_day: True
2022-03-28 15:52:18,612 INFO     2023-04-27 	 business_day: True
2022-03-28 15:52:18,612 INFO     2023-07-31 	 business_day: True
2022-03-28 15:52:18,612 INFO     

2022-03-28 15:53:02,084 INFO     Halifax:

2022-03-28 15:53:02,084 INFO     2023-04-27 	 business_day: True
2022-03-28 15:53:02,084 INFO     2023-07-31 	 business_day: True
2022-03-28 15:53:02,084 INFO     

2022-03-28 15:53:50,453 INFO     Quebec City:

2022-03-28 15:53:50,453 INFO     2023-07-31 	 business_day: True
2022-03-28 15:53:50,453 INFO     

2022-03-28 15:54:16,877 INFO     

2022-03-28 15:54:16,878 INFO     ====== WebDriver manager ======
2022-03-28 15:54:17,294 INFO     Current google-chrome version is 99.0.4844
2022-03-28 15:54:17,294 INFO     Get LATEST chromedriver version for 99.0.4844 google-chrome
2022-03-28 15:54:17,476 INFO     Driver [C:\Users\sangs\.wdm\drivers\chromedriver\win32\99.0.4844.51\chromedriver.exe] found in cache
2022-03-28 15:54:19,423 INFO     2022-03-28 15:54:19.423851
2022-03-28 15:54:19,423 INFO     ------------------
2022-03-28 15:54:46,615 INFO     start sign
2022-03-28 15:54:48,574 INFO     click bounce
2022-03-28 15:54:49,621 INFO     input email
2022-03-28 15:54:52,834 INFO     input pwd
2022-03-28 15:54:56,044 INFO     click privacy
2022-03-28 15:54:59,179 INFO     commit
2022-03-28 15:58:23,254 INFO     

2022-03-28 15:58:23,254 INFO     ====== WebDriver manager ======
2022-03-28 15:58:23,669 INFO     Current google-chrome version is 99.0.4844
2022-03-28 15:58:23,670 INFO     Get LATEST chromedriver version for 99.0.4844 google-chrome
2022-03-28 15:58:23,745 INFO     Driver [C:\Users\sangs\.wdm\drivers\chromedriver\win32\99.0.4844.51\chromedriver.exe] found in cache
2022-03-28 15:58:25,603 INFO     2022-03-28 15:58:25.602317
2022-03-28 15:58:25,603 INFO     ------------------
2022-03-28 15:58:28,871 INFO     start sign
2022-03-28 15:58:30,908 INFO     click bounce
2022-03-28 15:58:32,013 INFO     input email
2022-03-28 15:58:34,244 INFO     input pwd
2022-03-28 15:58:37,331 INFO     click privacy
2022-03-28 15:58:39,443 INFO     commit
2022-03-28 15:59:42,116 INFO     2022-03-28 15:59:42.116373
2022-03-28 15:59:42,116 INFO     ------------------
2022-03-28 16:00:06,393 INFO     

2022-03-28 16:00:06,394 INFO     ====== WebDriver manager ======
2022-03-28 16:00:06,858 INFO     Current google-chrome version is 99.0.4844
2022-03-28 16:00:06,858 INFO     Get LATEST chromedriver version for 99.0.4844 google-chrome
2022-03-28 16:00:06,980 INFO     Driver [C:\Users\sangs\.wdm\drivers\chromedriver\win32\99.0.4844.51\chromedriver.exe] found in cache
2022-03-28 16:00:08,934 INFO     2022-03-28 16:00:08.934356
2022-03-28 16:00:08,935 INFO     ------------------
2022-03-28 16:00:12,039 INFO     start sign
2022-03-28 16:00:14,211 INFO     click bounce
2022-03-28 16:00:15,327 INFO     input email
2022-03-28 16:00:16,537 INFO     input pwd
2022-03-28 16:00:18,629 INFO     click privacy
2022-03-28 16:00:20,700 INFO     commit
2022-03-28 16:01:23,105 INFO     2022-03-28 16:01:23.105767
2022-03-28 16:01:23,106 INFO     ------------------
2022-03-28 16:03:36,890 INFO     

2022-03-28 16:03:36,895 INFO     ====== WebDriver manager ======
2022-03-28 16:03:37,313 INFO     Current google-chrome version is 99.0.4844
2022-03-28 16:03:37,314 INFO     Get LATEST chromedriver version for 99.0.4844 google-chrome
2022-03-28 16:03:37,391 INFO     Driver [C:\Users\sangs\.wdm\drivers\chromedriver\win32\99.0.4844.51\chromedriver.exe] found in cache
2022-03-28 16:03:39,217 INFO     2022-03-28 16:03:39.217013
2022-03-28 16:03:39,217 INFO     ------------------
2022-03-28 16:03:42,428 INFO     start sign
2022-03-28 16:03:44,412 INFO     click bounce
2022-03-28 16:03:45,597 INFO     input email
2022-03-28 16:03:47,849 INFO     input pwd
2022-03-28 16:03:49,933 INFO     click privacy
2022-03-28 16:03:52,002 INFO     commit
2022-03-28 16:06:30,326 INFO     Vancouver:

2022-03-28 16:06:30,326 INFO     2023-05-23 	 business_day: True
2022-03-28 16:06:30,326 INFO     2023-05-24 	 business_day: True
2022-03-28 16:06:30,326 INFO     2023-05-25 	 business_day: True
2022-03-28 16:06:30,326 INFO     2023-05-26 	 business_day: True
2022-03-28 16:06:30,326 INFO     2023-05-30 	 business_day: True
2022-03-28 16:06:30,326 INFO     

2022-03-28 16:07:14,343 INFO     2022-03-28 16:07:14.343221
2022-03-28 16:07:14,343 INFO     ------------------
2022-03-28 16:17:38,783 INFO     Vancouver:

2022-03-28 16:17:38,783 INFO     2023-05-23 	 business_day: True
2022-03-28 16:17:38,783 INFO     2023-05-24 	 business_day: True
2022-03-28 16:17:38,783 INFO     2023-05-25 	 business_day: True
2022-03-28 16:17:38,783 INFO     2023-05-26 	 business_day: True
2022-03-28 16:17:38,783 INFO     2023-05-30 	 business_day: True
2022-03-28 16:17:38,783 INFO     

2022-03-28 16:18:23,796 INFO     2022-03-28 16:18:23.795350
2022-03-28 16:18:23,797 INFO     ------------------
2022-03-28 16:24:50,195 INFO     Vancouver:

2022-03-28 16:24:50,195 INFO     2023-05-23 	 business_day: True
2022-03-28 16:24:50,195 INFO     2023-05-24 	 business_day: True
2022-03-28 16:24:50,195 INFO     2023-05-25 	 business_day: True
2022-03-28 16:24:50,195 INFO     2023-05-26 	 business_day: True
2022-03-28 16:24:50,195 INFO     2023-05-30 	 business_day: True
2022-03-28 16:24:50,195 INFO     

2022-03-28 16:25:46,204 INFO     2022-03-28 16:25:46.204633
2022-03-28 16:25:46,205 INFO     ------------------
2022-03-28 16:28:32,606 INFO     Vancouver:

2022-03-28 16:28:32,606 INFO     2023-05-23 	 business_day: True
2022-03-28 16:28:32,606 INFO     2023-05-24 	 business_day: True
2022-03-28 16:28:32,606 INFO     2023-05-25 	 business_day: True
2022-03-28 16:28:32,606 INFO     2023-05-26 	 business_day: True
2022-03-28 16:28:32,606 INFO     2023-05-30 	 business_day: True
2022-03-28 16:28:32,606 INFO     

2022-03-28 16:29:29,618 INFO     2022-03-28 16:29:29.618568
2022-03-28 16:29:29,619 INFO     ------------------
2022-03-28 16:32:02,841 INFO     Vancouver:

2022-03-28 16:32:02,841 INFO     2023-05-23 	 business_day: True
2022-03-28 16:32:02,841 INFO     2023-05-24 	 business_day: True
2022-03-28 16:32:02,841 INFO     2023-05-25 	 business_day: True
2022-03-28 16:32:02,841 INFO     2023-05-26 	 business_day: True
2022-03-28 16:32:02,841 INFO     2023-05-30 	 business_day: True
2022-03-28 16:32:02,842 INFO     

2022-03-28 16:32:52,845 INFO     2022-03-28 16:32:52.845665
2022-03-28 16:32:52,846 INFO     ------------------
2022-03-28 16:35:16,161 INFO     Vancouver:

2022-03-28 16:35:16,161 INFO     2023-05-23 	 business_day: True
2022-03-28 16:35:16,161 INFO     2023-05-24 	 business_day: True
2022-03-28 16:35:16,161 INFO     2023-05-25 	 business_day: True
2022-03-28 16:35:16,161 INFO     2023-05-26 	 business_day: True
2022-03-28 16:35:16,161 INFO     2023-05-30 	 business_day: True
2022-03-28 16:35:16,161 INFO     

2022-03-28 16:36:15,172 INFO     2022-03-28 16:36:15.172974
2022-03-28 16:36:15,173 INFO     ------------------
2022-03-28 16:38:52,433 INFO     Vancouver:

2022-03-28 16:38:52,434 INFO     2023-05-23 	 business_day: True
2022-03-28 16:38:52,434 INFO     2023-05-24 	 business_day: True
2022-03-28 16:38:52,434 INFO     2023-05-25 	 business_day: True
2022-03-28 16:38:52,434 INFO     2023-05-26 	 business_day: True
2022-03-28 16:38:52,434 INFO     2023-05-30 	 business_day: True
2022-03-28 16:38:52,434 INFO     

2022-03-28 16:39:40,441 INFO     2022-03-28 16:39:40.441809
2022-03-28 16:39:40,442 INFO     ------------------
2022-03-28 16:42:14,561 INFO     Vancouver:

2022-03-28 16:42:14,561 INFO     2023-05-23 	 business_day: True
2022-03-28 16:42:14,562 INFO     2023-05-24 	 business_day: True
2022-03-28 16:42:14,562 INFO     2023-05-25 	 business_day: True
2022-03-28 16:42:14,562 INFO     2023-05-26 	 business_day: True
2022-03-28 16:42:14,562 INFO     2023-05-30 	 business_day: True
2022-03-28 16:42:14,562 INFO     

2022-03-28 16:43:04,569 INFO     2022-03-28 16:43:04.569824
2022-03-28 16:43:04,569 INFO     ------------------
2022-03-28 16:45:40,855 INFO     Vancouver:

2022-03-28 16:45:40,856 INFO     2023-05-23 	 business_day: True
2022-03-28 16:45:40,856 INFO     2023-05-24 	 business_day: True
2022-03-28 16:45:40,856 INFO     2023-05-25 	 business_day: True
2022-03-28 16:45:40,856 INFO     2023-05-26 	 business_day: True
2022-03-28 16:45:40,856 INFO     2023-05-30 	 business_day: True
2022-03-28 16:45:40,856 INFO     

2022-03-28 16:46:25,861 INFO     2022-03-28 16:46:25.861596
2022-03-28 16:46:25,861 INFO     ------------------
2022-03-28 16:48:58,084 INFO     Vancouver:

2022-03-28 16:48:58,084 INFO     2023-05-23 	 business_day: True
2022-03-28 16:48:58,085 INFO     2023-05-24 	 business_day: True
2022-03-28 16:48:58,085 INFO     2023-05-25 	 business_day: True
2022-03-28 16:48:58,085 INFO     2023-05-26 	 business_day: True
2022-03-28 16:48:58,085 INFO     2023-05-30 	 business_day: True
2022-03-28 16:48:58,085 INFO     

2022-03-28 16:49:54,091 INFO     2022-03-28 16:49:54.091689
2022-03-28 16:49:54,091 INFO     ------------------
2022-03-28 16:52:19,268 INFO     Vancouver:

2022-03-28 16:52:19,269 INFO     2023-05-23 	 business_day: True
2022-03-28 16:52:19,269 INFO     2023-05-24 	 business_day: True
2022-03-28 16:52:19,269 INFO     2023-05-25 	 business_day: True
2022-03-28 16:52:19,269 INFO     2023-05-26 	 business_day: True
2022-03-28 16:52:19,269 INFO     2023-05-30 	 business_day: True
2022-03-28 16:52:19,269 INFO     

2022-03-28 16:53:03,287 INFO     2022-03-28 16:53:03.287304
2022-03-28 16:53:03,287 INFO     ------------------
2022-03-28 16:55:32,572 INFO     Vancouver:

2022-03-28 16:55:32,573 INFO     2023-05-23 	 business_day: True
2022-03-28 16:55:32,573 INFO     2023-05-24 	 business_day: True
2022-03-28 16:55:32,573 INFO     2023-05-25 	 business_day: True
2022-03-28 16:55:32,573 INFO     2023-05-26 	 business_day: True
2022-03-28 16:55:32,573 INFO     2023-05-30 	 business_day: True
2022-03-28 16:55:32,573 INFO     

2022-03-28 16:56:29,576 INFO     2022-03-28 16:56:29.576450
2022-03-28 16:56:29,577 INFO     ------------------
2022-03-28 16:56:29,885 INFO     Calgary:

2022-03-28 16:56:29,886 INFO     2022-09-13 	 business_day: True
2022-03-28 16:56:29,886 INFO     

2022-03-28 17:03:02,535 INFO     Quebec City:

2022-03-28 17:03:02,535 INFO     2022-05-09 	 business_day: True
2022-03-28 17:03:02,535 INFO     

2022-03-28 17:05:04,249 INFO     Vancouver:

2022-03-28 17:05:04,255 INFO     2023-05-23 	 business_day: True
2022-03-28 17:05:04,255 INFO     2023-05-24 	 business_day: True
2022-03-28 17:05:04,255 INFO     2023-05-25 	 business_day: True
2022-03-28 17:05:04,255 INFO     2023-05-26 	 business_day: True
2022-03-28 17:05:04,255 INFO     2023-05-30 	 business_day: True
2022-03-28 17:05:04,256 INFO     

2022-03-28 17:06:00,271 INFO     2022-03-28 17:06:00.271223
2022-03-28 17:06:00,271 INFO     ------------------
2022-03-28 17:07:49,280 INFO     Quebec City:

2022-03-28 17:07:49,280 INFO     2022-05-09 	 business_day: True
2022-03-28 17:07:49,280 INFO     2022-05-12 	 business_day: True
2022-03-28 17:07:49,280 INFO     

2022-03-28 17:10:35,536 INFO     Vancouver:

2022-03-28 17:10:35,536 INFO     2023-05-16 	 business_day: True
2022-03-28 17:10:35,537 INFO     2023-05-23 	 business_day: True
2022-03-28 17:10:35,537 INFO     2023-05-24 	 business_day: True
2022-03-28 17:10:35,537 INFO     2023-05-25 	 business_day: True
2022-03-28 17:10:35,537 INFO     2023-05-26 	 business_day: True
2022-03-28 17:10:35,537 INFO     

2022-03-28 17:11:19,539 INFO     2022-03-28 17:11:19.539519
2022-03-28 17:11:19,540 INFO     ------------------
2022-03-28 17:11:19,892 INFO     Calgary:

2022-03-28 17:11:19,893 INFO     2022-09-21 	 business_day: True
2022-03-28 17:11:19,893 INFO     

2022-03-28 17:13:38,943 INFO     Vancouver:

2022-03-28 17:13:38,944 INFO     2023-05-16 	 business_day: True
2022-03-28 17:13:38,944 INFO     2023-05-23 	 business_day: True
2022-03-28 17:13:38,944 INFO     2023-05-24 	 business_day: True
2022-03-28 17:13:38,944 INFO     2023-05-25 	 business_day: True
2022-03-28 17:13:38,944 INFO     2023-05-26 	 business_day: True
2022-03-28 17:13:38,944 INFO     

2022-03-28 17:14:37,949 INFO     2022-03-28 17:14:37.949251
2022-03-28 17:14:37,949 INFO     ------------------
2022-03-28 17:19:19,080 INFO     2022-03-28 17:19:19.080802
2022-03-28 17:19:19,081 INFO     ------------------
2022-03-28 17:23:48,056 INFO     2022-03-28 17:23:48.056794
2022-03-28 17:23:48,056 INFO     ------------------
2022-03-28 17:28:18,144 INFO     84.0min used, 19 requests returned
